kushal@fedora:~/src/bash$ rm ~/.local/share/MyAdventure/myadventure.db
kushal@fedora:~/src/bash$ cd /home/kushal/src/dotnet/MyAdventure/src/MyAdventure.Desktop; dotnet run
/home/kushal/src/dotnet/MyAdventure/src/MyAdventure.Core/Services/GameEngine.cs(79,28): error CS0029: Cannot implicitly convert type 'System.DateTimeOffset' to 'System.DateTime'

The build failed. Fix the build errors and run again.
kushal@fedora:~/src/dotnet/MyAdventure/src/MyAdventure.Desktop$ cd /home/kushal/src/dotnet/MyAdventure; time dotnet --info; time dotnet clean; time dotnet restore; time dotnet build; time dotnet test; time dotnet list package; time dotnet list package --outdated; time dotnet format; time sh export.sh;
.NET SDK:
 Version:           10.0.102
 Commit:            1def04f336
 Workload version:  10.0.101.1
 MSBuild version:   18.0.7+1def04f33

Runtime Environment:
 OS Name:     fedora
 OS Version:  43
 OS Platform: Linux
 RID:         fedora.43-x64
 Base Path:   /usr/lib64/dotnet/sdk/10.0.102/

.NET workloads installed:
 [android]
   Installation Source: SDK 10.0.100
   Manifest Version:    36.1.2/10.0.100
   Manifest Path:       /home/kushal/.dotnet/sdk-manifests/10.0.100/microsoft.net.sdk.android/36.1.2/WorkloadManifest.json
   Install Type:        FileBased

Configured to use workload sets when installing new manifests.

Host:
  Version:      10.0.2
  Architecture: x64
  Commit:       1def04f336

.NET SDKs installed:
  10.0.102 [/usr/lib64/dotnet/sdk]

.NET runtimes installed:
  Microsoft.AspNetCore.App 10.0.2 [/usr/lib64/dotnet/shared/Microsoft.AspNetCore.App]
  Microsoft.NETCore.App 10.0.2 [/usr/lib64/dotnet/shared/Microsoft.NETCore.App]

Other architectures found:
  None

Environment variables:
  DOTNET_BUNDLE_EXTRACT_BASE_DIR           [/home/kushal/.cache/dotnet_bundle_extract]
  DOTNET_ROOT                              [/usr/lib64/dotnet]

global.json file:
  /home/kushal/src/dotnet/MyAdventure/global.json

Learn more:
  https://aka.ms/dotnet/info

Download .NET:
  https://aka.ms/dotnet/download

real	0m0.162s
user	0m0.125s
sys	0m0.025s

Build succeeded in 1.0s

real	0m1.126s
user	0m0.959s
sys	0m0.287s
Restore complete (0.6s)

Build succeeded in 0.7s

real	0m0.893s
user	0m1.001s
sys	0m0.218s
Restore complete (0.6s)
  MyAdventure.Core net10.0 failed with 1 error(s) (0.1s)
    /home/kushal/src/dotnet/MyAdventure/src/MyAdventure.Core/Services/GameEngine.cs(79,28): error CS0029: Cannot implicitly convert type 'System.DateTimeOffset' to 'System.DateTime'

Build failed with 1 error(s) in 1.1s

real	0m1.307s
user	0m1.594s
sys	0m0.306s
Restore complete (0.6s)
  MyAdventure.Core net10.0 failed with 1 error(s) (0.1s)
    /home/kushal/src/dotnet/MyAdventure/src/MyAdventure.Core/Services/GameEngine.cs(79,28): error CS0029: Cannot implicitly convert type 'System.DateTimeOffset' to 'System.DateTime'

Build failed with 1 error(s) in 0.9s

real	0m1.097s
user	0m1.363s
sys	0m0.301s
Restore complete (0.6s)

Build succeeded in 0.7s
Project 'MyAdventure.Android' has the following package references
   [net10.0-android36.0]: 
   Top-level Package                                  Requested    Resolved
   > Avalonia.Android                                 11.3.12      11.3.12 
   > Avalonia.Fonts.Inter                             11.3.12      11.3.12 
   > Avalonia.Themes.Fluent                           11.3.12      11.3.12 
   > Microsoft.Extensions.DependencyInjection         10.0.3       10.0.3  
   > Microsoft.NET.ILLink.Tasks                 (A)   [10.0.2, )   10.0.2  

Project 'MyAdventure.Core' has the following package references
   [net10.0]: 
   Top-level Package                   Requested   Resolved
   > Microsoft.Extensions.Logging      10.0.3      10.0.3  
   > OpenTelemetry.Api                 1.15.0      1.15.0  

Project 'MyAdventure.Desktop' has the following package references
   [net10.0]: 
   Top-level Package                               Requested   Resolved
   > Avalonia.Desktop                              11.3.12     11.3.12 
   > Avalonia.Diagnostics                          11.3.12     11.3.12 
   > Avalonia.Fonts.Inter                          11.3.12     11.3.12 
   > Avalonia.Themes.Fluent                        11.3.12     11.3.12 
   > Microsoft.Extensions.DependencyInjection      10.0.3      10.0.3  

Project 'MyAdventure.Infrastructure' has the following package references
   [net10.0]: 
   Top-level Package                                              Requested   Resolved
   > Microsoft.EntityFrameworkCore.Design                         10.0.3      10.0.3  
   > Microsoft.EntityFrameworkCore.Sqlite                         10.0.3      10.0.3  
   > Microsoft.Extensions.Configuration                           10.0.3      10.0.3  
   > Microsoft.Extensions.Configuration.EnvironmentVariables      10.0.3      10.0.3  
   > Microsoft.Extensions.Configuration.Json                      10.0.3      10.0.3  
   > Microsoft.Extensions.DependencyInjection                     10.0.3      10.0.3  
   > Microsoft.Extensions.Logging                                 10.0.3      10.0.3  
   > Microsoft.Extensions.Logging.Console                         10.0.3      10.0.3  
   > OpenTelemetry                                                1.15.0      1.15.0  
   > OpenTelemetry.Exporter.Console                               1.15.0      1.15.0  
   > OpenTelemetry.Extensions.Hosting                             1.15.0      1.15.0  
   > OpenTelemetry.Instrumentation.Runtime                        1.15.0      1.15.0  

Project 'MyAdventure.Shared' has the following package references
   [net10.0]: 
   Top-level Package                               Requested   Resolved
   > Avalonia                                      11.3.12     11.3.12 
   > Avalonia.Themes.Fluent                        11.3.12     11.3.12 
   > CommunityToolkit.Mvvm                         8.4.0       8.4.0   
   > Microsoft.Extensions.DependencyInjection      10.0.3      10.0.3  
   > Microsoft.Extensions.Logging                  10.0.3      10.0.3  

Project 'MyAdventure.Core.Tests' has the following package references
   [net10.0]: 
   Top-level Package                Requested   Resolved
   > Bogus                          35.6.5      35.6.5  
   > coverlet.collector             8.0.0       8.0.0   
   > Microsoft.NET.Test.Sdk         18.0.1      18.0.1  
   > NSubstitute                    5.3.0       5.3.0   
   > Shouldly                       4.3.0       4.3.0   
   > xunit                          2.9.3       2.9.3   
   > xunit.runner.visualstudio      3.1.5       3.1.5   

Project 'MyAdventure.Integration.Tests' has the following package references
   [net10.0]: 
   Top-level Package                             Requested   Resolved
   > coverlet.collector                          8.0.0       8.0.0   
   > Microsoft.EntityFrameworkCore.InMemory      10.0.3      10.0.3  
   > Microsoft.NET.Test.Sdk                      18.0.1      18.0.1  
   > Shouldly                                    4.3.0       4.3.0   
   > xunit                                       2.9.3       2.9.3   
   > xunit.runner.visualstudio                   3.1.5       3.1.5   

Project 'MyAdventure.UI.Tests' has the following package references
   [net10.0]: 
   Top-level Package                Requested   Resolved
   > coverlet.collector             8.0.0       8.0.0   
   > Microsoft.NET.Test.Sdk         18.0.1      18.0.1  
   > NSubstitute                    5.3.0       5.3.0   
   > Shouldly                       4.3.0       4.3.0   
   > xunit                          2.9.3       2.9.3   
   > xunit.runner.visualstudio      3.1.5       3.1.5   

(A) : Auto-referenced package.

real	0m2.331s
user	0m2.434s
sys	0m0.602s
Restore complete (0.6s)

Build succeeded in 0.7s

The following sources were used:
   https://api.nuget.org/v3/index.json

The given project `MyAdventure.Android` has no updates given the current sources.
The given project `MyAdventure.Core` has no updates given the current sources.
The given project `MyAdventure.Desktop` has no updates given the current sources.
The given project `MyAdventure.Infrastructure` has no updates given the current sources.
The given project `MyAdventure.Shared` has no updates given the current sources.
The given project `MyAdventure.Core.Tests` has no updates given the current sources.
The given project `MyAdventure.Integration.Tests` has no updates given the current sources.
The given project `MyAdventure.UI.Tests` has no updates given the current sources.

real	0m4.589s
user	0m3.671s
sys	0m0.613s

real	0m9.416s
user	0m15.688s
sys	0m1.267s
==============================================
  Generating Clean Project Export
==============================================
Generating directory structure...
Collecting and cleaning file contents...
Processed: .gitattributes
Processed: .github/dependabot.yml
Processed: .github/workflows/build-and-release.yml
Processed: .gitignore
Processed: Directory.Build.props
Processed: Directory.Packages.props
Processed: LICENSE
Processed: MyAdventure.slnx
Processed: README.md
Processed: docs/KEYSTORE.md
Processed: global.json
Processed: setup.sh
Processed: src/MyAdventure.Android/AndroidManifest.xml
Processed: src/MyAdventure.Android/App.axaml
Processed: src/MyAdventure.Android/App.axaml.cs
Processed: src/MyAdventure.Android/MainActivity.cs
Processed: src/MyAdventure.Android/MyAdventure.Android.csproj
Processed: src/MyAdventure.Android/Resources/drawable/icon.xml
Processed: src/MyAdventure.Android/Resources/values/strings.xml
Processed: src/MyAdventure.Android/Resources/values/styles.xml
Processed: src/MyAdventure.Android/Views/MainView.axaml
Processed: src/MyAdventure.Android/Views/MainView.axaml.cs
Processed: src/MyAdventure.Core/Entities/Business.cs
Processed: src/MyAdventure.Core/Entities/BusinessDefinitions.cs
Processed: src/MyAdventure.Core/Entities/EntityBase.cs
Processed: src/MyAdventure.Core/Entities/GameState.cs
Processed: src/MyAdventure.Core/Interfaces/IGameStateRepository.cs
Processed: src/MyAdventure.Core/MyAdventure.Core.csproj
Processed: src/MyAdventure.Core/Services/GameEngine.cs
Processed: src/MyAdventure.Core/Services/NumberFormatter.cs
Processed: src/MyAdventure.Desktop/App.axaml
Processed: src/MyAdventure.Desktop/App.axaml.cs
Processed: src/MyAdventure.Desktop/MyAdventure.Desktop.csproj
Processed: src/MyAdventure.Desktop/Program.cs
Processed: src/MyAdventure.Desktop/Views/MainWindow.axaml
Processed: src/MyAdventure.Desktop/Views/MainWindow.axaml.cs
Processed: src/MyAdventure.Desktop/app.manifest
Processed: src/MyAdventure.Desktop/appsettings.json
Processed: src/MyAdventure.Infrastructure/Data/AppDbContext.cs
Processed: src/MyAdventure.Infrastructure/Data/DesignTimeDbContextFactory.cs
Processed: src/MyAdventure.Infrastructure/DependencyInjection.cs
Processed: src/MyAdventure.Infrastructure/MyAdventure.Infrastructure.csproj
Processed: src/MyAdventure.Infrastructure/Repositories/GameStateRepository.cs
Processed: src/MyAdventure.Shared/Converters/GameConverters.cs
Processed: src/MyAdventure.Shared/MyAdventure.Shared.csproj
Processed: src/MyAdventure.Shared/Resources/i18n/en.json
Processed: src/MyAdventure.Shared/Resources/i18n/es.json
Processed: src/MyAdventure.Shared/ViewModels/BusinessViewModel.cs
Processed: src/MyAdventure.Shared/ViewModels/GameViewModel.cs
Processed: src/MyAdventure.Shared/ViewModels/ViewModelBase.cs
Processed: tests/Directory.Build.props
Processed: tests/MyAdventure.Core.Tests/BusinessTests.cs
Processed: tests/MyAdventure.Core.Tests/GameEngineTests.cs
Processed: tests/MyAdventure.Core.Tests/MyAdventure.Core.Tests.csproj
Processed: tests/MyAdventure.Core.Tests/NumberFormatterTests.cs
Processed: tests/MyAdventure.Integration.Tests/GameStateRepositoryTests.cs
Processed: tests/MyAdventure.Integration.Tests/MyAdventure.Integration.Tests.csproj
Processed: tests/MyAdventure.UI.Tests/BusinessViewModelTests.cs
Processed: tests/MyAdventure.UI.Tests/MyAdventure.UI.Tests.csproj

Export Complete: docs/llm/dump.txt

real	0m0.591s
user	0m0.313s
sys	0m0.384s
kushal@fedora:~/src/dotnet/MyAdventure$ cd /home/kushal/src/dotnet/MyAdventure; time dotnet --info; time dotnet clean; time dotnet restore; time dotnet build; time dotnet test; time dotnet list package; time dotnet list package --outdated; time dotnet format; time sh export.sh;
.NET SDK:
 Version:           10.0.102
 Commit:            1def04f336
 Workload version:  10.0.101.1
 MSBuild version:   18.0.7+1def04f33

Runtime Environment:
 OS Name:     fedora
 OS Version:  43
 OS Platform: Linux
 RID:         fedora.43-x64
 Base Path:   /usr/lib64/dotnet/sdk/10.0.102/

.NET workloads installed:
 [android]
   Installation Source: SDK 10.0.100
   Manifest Version:    36.1.2/10.0.100
   Manifest Path:       /home/kushal/.dotnet/sdk-manifests/10.0.100/microsoft.net.sdk.android/36.1.2/WorkloadManifest.json
   Install Type:        FileBased

Configured to use workload sets when installing new manifests.

Host:
  Version:      10.0.2
  Architecture: x64
  Commit:       1def04f336

.NET SDKs installed:
  10.0.102 [/usr/lib64/dotnet/sdk]

.NET runtimes installed:
  Microsoft.AspNetCore.App 10.0.2 [/usr/lib64/dotnet/shared/Microsoft.AspNetCore.App]
  Microsoft.NETCore.App 10.0.2 [/usr/lib64/dotnet/shared/Microsoft.NETCore.App]

Other architectures found:
  None

Environment variables:
  DOTNET_BUNDLE_EXTRACT_BASE_DIR           [/home/kushal/.cache/dotnet_bundle_extract]
  DOTNET_ROOT                              [/usr/lib64/dotnet]

global.json file:
  /home/kushal/src/dotnet/MyAdventure/global.json

Learn more:
  https://aka.ms/dotnet/info

Download .NET:
  https://aka.ms/dotnet/download

real	0m0.155s
user	0m0.118s
sys	0m0.036s

Build succeeded in 0.5s

real	0m0.636s
user	0m0.714s
sys	0m0.151s
Restore complete (0.6s)

Build succeeded in 0.7s

real	0m0.852s
user	0m0.968s
sys	0m0.192s
Restore complete (0.6s)
  MyAdventure.Core net10.0 succeeded (0.4s) → src/MyAdventure.Core/bin/Debug/net10.0/MyAdventure.Core.dll
  MyAdventure.Infrastructure net10.0 succeeded (0.3s) → src/MyAdventure.Infrastructure/bin/Debug/net10.0/MyAdventure.Infrastructure.dll
  MyAdventure.Core.Tests net10.0 succeeded (0.3s) → tests/MyAdventure.Core.Tests/bin/Debug/net10.0/MyAdventure.Core.Tests.dll
  MyAdventure.Integration.Tests net10.0 succeeded (0.3s) → tests/MyAdventure.Integration.Tests/bin/Debug/net10.0/MyAdventure.Integration.Tests.dll
  MyAdventure.Shared net10.0 succeeded (0.9s) → src/MyAdventure.Shared/bin/Debug/net10.0/MyAdventure.Shared.dll
  MyAdventure.UI.Tests net10.0 succeeded (0.4s) → tests/MyAdventure.UI.Tests/bin/Debug/net10.0/MyAdventure.UI.Tests.dll
  MyAdventure.Desktop net10.0 succeeded (1.0s) → src/MyAdventure.Desktop/bin/Debug/net10.0/MyAdventure.Desktop.dll
  MyAdventure.Core net10.0 succeeded (0.0s) → src/MyAdventure.Core/bin/Debug/net10.0/MyAdventure.Core.dll
  MyAdventure.Infrastructure net10.0 succeeded (0.0s) → src/MyAdventure.Infrastructure/bin/Debug/net10.0/MyAdventure.Infrastructure.dll
  MyAdventure.Shared net10.0 succeeded (0.1s) → src/MyAdventure.Shared/bin/Debug/net10.0/MyAdventure.Shared.dll
  MyAdventure.Android net10.0-android succeeded with 2 warning(s) (23.1s) → src/MyAdventure.Android/bin/Debug/net10.0-android/MyAdventure.Android.dll
    /home/kushal/.dotnet/packs/Microsoft.Android.Sdk.Linux/36.1.2/tools/Xamarin.Android.Common.targets(2502,3): warning XA0141: Android 16 will require 16 KB page sizes, shared library 'libSkiaSharp.so' does not have a 16 KB page size. Please inform the authors of the NuGet package 'SkiaSharp.NativeAssets.Android' version '2.88.9' which contains 'runtimes/android-arm64/native/libSkiaSharp.so'. See https://developer.android.com/guide/practices/page-sizes for more details.
    /home/kushal/.dotnet/packs/Microsoft.Android.Sdk.Linux/36.1.2/tools/Xamarin.Android.Common.targets(2502,3): warning XA0141: Android 16 will require 16 KB page sizes, shared library 'libSkiaSharp.so' does not have a 16 KB page size. Please inform the authors of the NuGet package 'SkiaSharp.NativeAssets.Android' version '2.88.9' which contains 'runtimes/android-x64/native/libSkiaSharp.so'. See https://developer.android.com/guide/practices/page-sizes for more details.

Build succeeded with 2 warning(s) in 25.7s

real	0m25.943s
user	1m24.746s
sys	0m3.863s
Restore complete (0.6s)
  MyAdventure.Core net10.0 succeeded (0.1s) → src/MyAdventure.Core/bin/Debug/net10.0/MyAdventure.Core.dll
  MyAdventure.Infrastructure net10.0 succeeded (0.0s) → src/MyAdventure.Infrastructure/bin/Debug/net10.0/MyAdventure.Infrastructure.dll
  MyAdventure.Core.Tests net10.0 succeeded (0.1s) → tests/MyAdventure.Core.Tests/bin/Debug/net10.0/MyAdventure.Core.Tests.dll
  MyAdventure.Shared net10.0 succeeded (0.1s) → src/MyAdventure.Shared/bin/Debug/net10.0/MyAdventure.Shared.dll
  MyAdventure.Integration.Tests net10.0 succeeded (0.1s) → tests/MyAdventure.Integration.Tests/bin/Debug/net10.0/MyAdventure.Integration.Tests.dll
  MyAdventure.UI.Tests net10.0 succeeded (0.1s) → tests/MyAdventure.UI.Tests/bin/Debug/net10.0/MyAdventure.UI.Tests.dll
[xUnit.net 00:00:00.00] xUnit.net VSTest Adapter v3.1.5+1b188a7b0a (64-bit .NET 10.0.2)
[xUnit.net 00:00:00.00] xUnit.net VSTest Adapter v3.1.5+1b188a7b0a (64-bit .NET 10.0.2)
[xUnit.net 00:00:00.00] xUnit.net VSTest Adapter v3.1.5+1b188a7b0a (64-bit .NET 10.0.2)
[xUnit.net 00:00:00.07]   Discovering: MyAdventure.Core.Tests
[xUnit.net 00:00:00.06]   Discovering: MyAdventure.Integration.Tests
[xUnit.net 00:00:00.11]   Discovered:  MyAdventure.Core.Tests
[xUnit.net 00:00:00.06]   Discovering: MyAdventure.UI.Tests
[xUnit.net 00:00:00.09]   Discovered:  MyAdventure.Integration.Tests
[xUnit.net 00:00:00.13]   Starting:    MyAdventure.Core.Tests
[xUnit.net 00:00:00.11]   Starting:    MyAdventure.Integration.Tests
[xUnit.net 00:00:00.09]   Discovered:  MyAdventure.UI.Tests
[xUnit.net 00:00:00.11]   Starting:    MyAdventure.UI.Tests
[xUnit.net 00:00:00.23]   Finished:    MyAdventure.Core.Tests
[xUnit.net 00:00:00.19]   Finished:    MyAdventure.UI.Tests
  MyAdventure.Core.Tests test net10.0 succeeded (0.8s)
  MyAdventure.UI.Tests test net10.0 succeeded (0.8s)
[xUnit.net 00:00:00.65]   Finished:    MyAdventure.Integration.Tests
  MyAdventure.Integration.Tests test net10.0 succeeded (1.3s)

Test summary: total: 24, failed: 0, succeeded: 24, skipped: 0, duration: 1.3s
Build succeeded in 2.2s

real	0m2.409s
user	0m1.792s
sys	0m0.398s
Restore complete (0.6s)

Build succeeded in 0.7s
Project 'MyAdventure.Android' has the following package references
   [net10.0-android36.0]: 
   Top-level Package                                  Requested    Resolved
   > Avalonia.Android                                 11.3.12      11.3.12 
   > Avalonia.Fonts.Inter                             11.3.12      11.3.12 
   > Avalonia.Themes.Fluent                           11.3.12      11.3.12 
   > Microsoft.Extensions.DependencyInjection         10.0.3       10.0.3  
   > Microsoft.NET.ILLink.Tasks                 (A)   [10.0.2, )   10.0.2  

Project 'MyAdventure.Core' has the following package references
   [net10.0]: 
   Top-level Package                   Requested   Resolved
   > Microsoft.Extensions.Logging      10.0.3      10.0.3  
   > OpenTelemetry.Api                 1.15.0      1.15.0  

Project 'MyAdventure.Desktop' has the following package references
   [net10.0]: 
   Top-level Package                               Requested   Resolved
   > Avalonia.Desktop                              11.3.12     11.3.12 
   > Avalonia.Diagnostics                          11.3.12     11.3.12 
   > Avalonia.Fonts.Inter                          11.3.12     11.3.12 
   > Avalonia.Themes.Fluent                        11.3.12     11.3.12 
   > Microsoft.Extensions.DependencyInjection      10.0.3      10.0.3  

Project 'MyAdventure.Infrastructure' has the following package references
   [net10.0]: 
   Top-level Package                                              Requested   Resolved
   > Microsoft.EntityFrameworkCore.Design                         10.0.3      10.0.3  
   > Microsoft.EntityFrameworkCore.Sqlite                         10.0.3      10.0.3  
   > Microsoft.Extensions.Configuration                           10.0.3      10.0.3  
   > Microsoft.Extensions.Configuration.EnvironmentVariables      10.0.3      10.0.3  
   > Microsoft.Extensions.Configuration.Json                      10.0.3      10.0.3  
   > Microsoft.Extensions.DependencyInjection                     10.0.3      10.0.3  
   > Microsoft.Extensions.Logging                                 10.0.3      10.0.3  
   > Microsoft.Extensions.Logging.Console                         10.0.3      10.0.3  
   > OpenTelemetry                                                1.15.0      1.15.0  
   > OpenTelemetry.Exporter.Console                               1.15.0      1.15.0  
   > OpenTelemetry.Extensions.Hosting                             1.15.0      1.15.0  
   > OpenTelemetry.Instrumentation.Runtime                        1.15.0      1.15.0  

Project 'MyAdventure.Shared' has the following package references
   [net10.0]: 
   Top-level Package                               Requested   Resolved
   > Avalonia                                      11.3.12     11.3.12 
   > Avalonia.Themes.Fluent                        11.3.12     11.3.12 
   > CommunityToolkit.Mvvm                         8.4.0       8.4.0   
   > Microsoft.Extensions.DependencyInjection      10.0.3      10.0.3  
   > Microsoft.Extensions.Logging                  10.0.3      10.0.3  

Project 'MyAdventure.Core.Tests' has the following package references
   [net10.0]: 
   Top-level Package                Requested   Resolved
   > Bogus                          35.6.5      35.6.5  
   > coverlet.collector             8.0.0       8.0.0   
   > Microsoft.NET.Test.Sdk         18.0.1      18.0.1  
   > NSubstitute                    5.3.0       5.3.0   
   > Shouldly                       4.3.0       4.3.0   
   > xunit                          2.9.3       2.9.3   
   > xunit.runner.visualstudio      3.1.5       3.1.5   

Project 'MyAdventure.Integration.Tests' has the following package references
   [net10.0]: 
   Top-level Package                             Requested   Resolved
   > coverlet.collector                          8.0.0       8.0.0   
   > Microsoft.EntityFrameworkCore.InMemory      10.0.3      10.0.3  
   > Microsoft.NET.Test.Sdk                      18.0.1      18.0.1  
   > Shouldly                                    4.3.0       4.3.0   
   > xunit                                       2.9.3       2.9.3   
   > xunit.runner.visualstudio                   3.1.5       3.1.5   

Project 'MyAdventure.UI.Tests' has the following package references
   [net10.0]: 
   Top-level Package                Requested   Resolved
   > coverlet.collector             8.0.0       8.0.0   
   > Microsoft.NET.Test.Sdk         18.0.1      18.0.1  
   > NSubstitute                    5.3.0       5.3.0   
   > Shouldly                       4.3.0       4.3.0   
   > xunit                          2.9.3       2.9.3   
   > xunit.runner.visualstudio      3.1.5       3.1.5   

(A) : Auto-referenced package.

real	0m1.968s
user	0m1.972s
sys	0m0.539s
Restore complete (0.6s)

Build succeeded in 0.7s

The following sources were used:
   https://api.nuget.org/v3/index.json

The given project `MyAdventure.Android` has no updates given the current sources.
The given project `MyAdventure.Core` has no updates given the current sources.
The given project `MyAdventure.Desktop` has no updates given the current sources.
The given project `MyAdventure.Infrastructure` has no updates given the current sources.
The given project `MyAdventure.Shared` has no updates given the current sources.
The given project `MyAdventure.Core.Tests` has no updates given the current sources.
The given project `MyAdventure.Integration.Tests` has no updates given the current sources.
The given project `MyAdventure.UI.Tests` has no updates given the current sources.

real	0m2.360s
user	0m2.363s
sys	0m0.506s

real	0m8.982s
user	0m15.579s
sys	0m1.253s
==============================================
  Generating Clean Project Export
==============================================
Generating directory structure...
Collecting and cleaning file contents...
Processed: .gitattributes
Processed: .github/dependabot.yml
Processed: .github/workflows/build-and-release.yml
Processed: .gitignore
Processed: Directory.Build.props
Processed: Directory.Packages.props
Processed: LICENSE
Processed: MyAdventure.slnx
Processed: README.md
Processed: docs/KEYSTORE.md
Processed: global.json
Processed: setup.sh
Processed: src/MyAdventure.Android/AndroidManifest.xml
Processed: src/MyAdventure.Android/App.axaml
Processed: src/MyAdventure.Android/App.axaml.cs
Processed: src/MyAdventure.Android/MainActivity.cs
Processed: src/MyAdventure.Android/MyAdventure.Android.csproj
Processed: src/MyAdventure.Android/Resources/drawable/icon.xml
Processed: src/MyAdventure.Android/Resources/values/strings.xml
Processed: src/MyAdventure.Android/Resources/values/styles.xml
Processed: src/MyAdventure.Android/Views/MainView.axaml
Processed: src/MyAdventure.Android/Views/MainView.axaml.cs
Processed: src/MyAdventure.Core/Entities/Business.cs
Processed: src/MyAdventure.Core/Entities/BusinessDefinitions.cs
Processed: src/MyAdventure.Core/Entities/EntityBase.cs
Processed: src/MyAdventure.Core/Entities/GameState.cs
Processed: src/MyAdventure.Core/Interfaces/IGameStateRepository.cs
Processed: src/MyAdventure.Core/MyAdventure.Core.csproj
Processed: src/MyAdventure.Core/Services/GameEngine.cs
Processed: src/MyAdventure.Core/Services/NumberFormatter.cs
Processed: src/MyAdventure.Desktop/App.axaml
Processed: src/MyAdventure.Desktop/App.axaml.cs
Processed: src/MyAdventure.Desktop/MyAdventure.Desktop.csproj
Processed: src/MyAdventure.Desktop/Program.cs
Processed: src/MyAdventure.Desktop/Views/MainWindow.axaml
Processed: src/MyAdventure.Desktop/Views/MainWindow.axaml.cs
Processed: src/MyAdventure.Desktop/app.manifest
Processed: src/MyAdventure.Desktop/appsettings.json
Processed: src/MyAdventure.Infrastructure/Data/AppDbContext.cs
Processed: src/MyAdventure.Infrastructure/Data/DesignTimeDbContextFactory.cs
Processed: src/MyAdventure.Infrastructure/DependencyInjection.cs
Processed: src/MyAdventure.Infrastructure/MyAdventure.Infrastructure.csproj
Processed: src/MyAdventure.Infrastructure/Repositories/GameStateRepository.cs
Processed: src/MyAdventure.Shared/Converters/GameConverters.cs
Processed: src/MyAdventure.Shared/MyAdventure.Shared.csproj
Processed: src/MyAdventure.Shared/Resources/i18n/en.json
Processed: src/MyAdventure.Shared/Resources/i18n/es.json
Processed: src/MyAdventure.Shared/ViewModels/BusinessViewModel.cs
Processed: src/MyAdventure.Shared/ViewModels/GameViewModel.cs
Processed: src/MyAdventure.Shared/ViewModels/ViewModelBase.cs
Processed: tests/Directory.Build.props
Processed: tests/MyAdventure.Core.Tests/BusinessTests.cs
Processed: tests/MyAdventure.Core.Tests/GameEngineTests.cs
Processed: tests/MyAdventure.Core.Tests/MyAdventure.Core.Tests.csproj
Processed: tests/MyAdventure.Core.Tests/NumberFormatterTests.cs
Processed: tests/MyAdventure.Integration.Tests/GameStateRepositoryTests.cs
Processed: tests/MyAdventure.Integration.Tests/MyAdventure.Integration.Tests.csproj
Processed: tests/MyAdventure.UI.Tests/BusinessViewModelTests.cs
Processed: tests/MyAdventure.UI.Tests/MyAdventure.UI.Tests.csproj

Export Complete: docs/llm/dump.txt

real	0m0.607s
user	0m0.309s
sys	0m0.397s
kushal@fedora:~/src/dotnet/MyAdventure$ 

