kushal@fedora:~/src/dotnet/MyAdventure$ cd /home/kushal/src/dotnet/MyAdventure; time dotnet clean; time dotnet restore; time dotnet build; time dotnet test; time dotnet list package; time dotnet list package --outdated; time dotnet format; time sh export.sh;

Build succeeded in 0.5s

real	0m0.635s
user	0m0.703s
sys	0m0.137s
Restore complete (0.5s)

Build succeeded in 0.6s

real	0m0.812s
user	0m0.919s
sys	0m0.195s
Restore complete (0.5s)
  MyAdventure.Core net10.0 succeeded (0.2s) → src/MyAdventure.Core/bin/Debug/net10.0/MyAdventure.Core.dll
  MyAdventure.Core.Tests net10.0 succeeded (0.2s) → tests/MyAdventure.Core.Tests/bin/Debug/net10.0/MyAdventure.Core.Tests.dll
  MyAdventure.Infrastructure net10.0 succeeded (0.3s) → src/MyAdventure.Infrastructure/bin/Debug/net10.0/MyAdventure.Infrastructure.dll
  MyAdventure.Integration.Tests net10.0 succeeded (0.2s) → tests/MyAdventure.Integration.Tests/bin/Debug/net10.0/MyAdventure.Integration.Tests.dll
  MyAdventure.Shared net10.0 succeeded (1.0s) → src/MyAdventure.Shared/bin/Debug/net10.0/MyAdventure.Shared.dll
  MyAdventure.UI.Tests net10.0 failed with 2 error(s) (0.1s)
    /home/kushal/src/dotnet/MyAdventure/tests/MyAdventure.UI.Tests/BusinessViewModelTests.cs(31,22): error CS7036: There is no argument given that corresponds to the required parameter 'toasts' of 'BusinessViewModel.BusinessViewModel(Business, GameEngine, ToastService)'
    /home/kushal/src/dotnet/MyAdventure/tests/MyAdventure.UI.Tests/BusinessViewModelTests.cs(58,22): error CS7036: There is no argument given that corresponds to the required parameter 'toasts' of 'BusinessViewModel.BusinessViewModel(Business, GameEngine, ToastService)'
  MyAdventure.Desktop net10.0 succeeded (0.9s) → src/MyAdventure.Desktop/bin/Debug/net10.0/MyAdventure.Desktop.dll
  MyAdventure.Core net10.0 succeeded (0.0s) → src/MyAdventure.Core/bin/Debug/net10.0/MyAdventure.Core.dll
  MyAdventure.Infrastructure net10.0 succeeded (0.0s) → src/MyAdventure.Infrastructure/bin/Debug/net10.0/MyAdventure.Infrastructure.dll
  MyAdventure.Shared net10.0 succeeded (0.0s) → src/MyAdventure.Shared/bin/Debug/net10.0/MyAdventure.Shared.dll
  MyAdventure.Android net10.0-android succeeded with 2 warning(s) (21.2s) → src/MyAdventure.Android/bin/Debug/net10.0-android/MyAdventure.Android.dll
    /home/kushal/.dotnet/packs/Microsoft.Android.Sdk.Linux/36.1.2/tools/Xamarin.Android.Common.targets(2502,3): warning XA0141: Android 16 will require 16 KB page sizes, shared library 'libSkiaSharp.so' does not have a 16 KB page size. Please inform the authors of the NuGet package 'SkiaSharp.NativeAssets.Android' version '2.88.9' which contains 'runtimes/android-arm64/native/libSkiaSharp.so'. See https://developer.android.com/guide/practices/page-sizes for more details.
    /home/kushal/.dotnet/packs/Microsoft.Android.Sdk.Linux/36.1.2/tools/Xamarin.Android.Common.targets(2502,3): warning XA0141: Android 16 will require 16 KB page sizes, shared library 'libSkiaSharp.so' does not have a 16 KB page size. Please inform the authors of the NuGet package 'SkiaSharp.NativeAssets.Android' version '2.88.9' which contains 'runtimes/android-x64/native/libSkiaSharp.so'. See https://developer.android.com/guide/practices/page-sizes for more details.

Build failed with 2 error(s) and 2 warning(s) in 23.6s

real	0m23.808s
user	1m14.837s
sys	0m3.277s
Restore complete (0.6s)
  MyAdventure.Core net10.0 succeeded (0.0s) → src/MyAdventure.Core/bin/Debug/net10.0/MyAdventure.Core.dll
  MyAdventure.Infrastructure net10.0 succeeded (0.1s) → src/MyAdventure.Infrastructure/bin/Debug/net10.0/MyAdventure.Infrastructure.dll
  MyAdventure.Core.Tests net10.0 succeeded (0.1s) → tests/MyAdventure.Core.Tests/bin/Debug/net10.0/MyAdventure.Core.Tests.dll
  MyAdventure.Shared net10.0 succeeded (0.1s) → src/MyAdventure.Shared/bin/Debug/net10.0/MyAdventure.Shared.dll
  MyAdventure.Integration.Tests net10.0 succeeded (0.1s) → tests/MyAdventure.Integration.Tests/bin/Debug/net10.0/MyAdventure.Integration.Tests.dll
  MyAdventure.UI.Tests net10.0 failed with 2 error(s) (0.2s)
    /home/kushal/src/dotnet/MyAdventure/tests/MyAdventure.UI.Tests/BusinessViewModelTests.cs(31,22): error CS7036: There is no argument given that corresponds to the required parameter 'toasts' of 'BusinessViewModel.BusinessViewModel(Business, GameEngine, ToastService)'
    /home/kushal/src/dotnet/MyAdventure/tests/MyAdventure.UI.Tests/BusinessViewModelTests.cs(58,22): error CS7036: There is no argument given that corresponds to the required parameter 'toasts' of 'BusinessViewModel.BusinessViewModel(Business, GameEngine, ToastService)'
[xUnit.net 00:00:00.00] xUnit.net VSTest Adapter v3.1.5+1b188a7b0a (64-bit .NET 10.0.2)
[xUnit.net 00:00:00.00] xUnit.net VSTest Adapter v3.1.5+1b188a7b0a (64-bit .NET 10.0.2)
[xUnit.net 00:00:00.07]   Discovering: MyAdventure.Integration.Tests
[xUnit.net 00:00:00.08]   Discovering: MyAdventure.Core.Tests
[xUnit.net 00:00:00.10]   Discovered:  MyAdventure.Integration.Tests
[xUnit.net 00:00:00.12]   Discovered:  MyAdventure.Core.Tests
[xUnit.net 00:00:00.12]   Starting:    MyAdventure.Integration.Tests
[xUnit.net 00:00:00.14]   Starting:    MyAdventure.Core.Tests
[xUnit.net 00:00:00.22]     MyAdventure.Core.Tests.BusinessAffordableTests.AffordableCount_MultiplePurchases [FAIL]
[xUnit.net 00:00:00.22]       Shouldly.ShouldAssertException : biz.AffordableCount(331)
[xUnit.net 00:00:00.22]           should be
[xUnit.net 00:00:00.22]       3
[xUnit.net 00:00:00.22]           but was
[xUnit.net 00:00:00.22]       2
[xUnit.net 00:00:00.22]       Stack Trace:
[xUnit.net 00:00:00.22]         /home/kushal/src/dotnet/MyAdventure/tests/MyAdventure.Core.Tests/BusinessAffordableTests.cs(40,0): at MyAdventure.Core.Tests.BusinessAffordableTests.AffordableCount_MultiplePurchases()
[xUnit.net 00:00:00.22]            at System.Reflection.MethodBaseInvoker.InterpretedInvoke_Method(Object obj, IntPtr* args)
[xUnit.net 00:00:00.22]            at System.Reflection.MethodBaseInvoker.InvokeWithNoArgs(Object obj, BindingFlags invokeAttr)
[xUnit.net 00:00:00.25]     MyAdventure.Core.Tests.GameEngineTests.BuyBusiness_NotEnoughCash_ShouldFail [FAIL]
[xUnit.net 00:00:00.25]       Shouldly.ShouldAssertException : _engine.BuyBusiness("lemonade")
[xUnit.net 00:00:00.25]           should be
[xUnit.net 00:00:00.25]       False
[xUnit.net 00:00:00.25]           but was
[xUnit.net 00:00:00.25]       True
[xUnit.net 00:00:00.25]       Stack Trace:
[xUnit.net 00:00:00.25]         /home/kushal/src/dotnet/MyAdventure/tests/MyAdventure.Core.Tests/GameEngineTests.cs(47,0): at MyAdventure.Core.Tests.GameEngineTests.BuyBusiness_NotEnoughCash_ShouldFail()
[xUnit.net 00:00:00.25]            at System.Runtime.ExceptionServices.ExceptionDispatchInfo.Throw()
[xUnit.net 00:00:00.25]            at System.Runtime.CompilerServices.TaskAwaiter.ThrowForNonSuccess(Task task)
[xUnit.net 00:00:00.25]            at System.Runtime.CompilerServices.TaskAwaiter.HandleNonSuccessAndDebuggerNotification(Task task, ConfigureAwaitOptions options)
[xUnit.net 00:00:00.25]         --- End of stack trace from previous location ---
[xUnit.net 00:00:00.25]            at System.Runtime.ExceptionServices.ExceptionDispatchInfo.Throw()
[xUnit.net 00:00:00.25]            at System.Runtime.CompilerServices.TaskAwaiter.ThrowForNonSuccess(Task task)
[xUnit.net 00:00:00.25]            at System.Runtime.CompilerServices.TaskAwaiter.HandleNonSuccessAndDebuggerNotification(Task task, ConfigureAwaitOptions options)
[xUnit.net 00:00:00.25]            at System.Runtime.ExceptionServices.ExceptionDispatchInfo.Throw()
[xUnit.net 00:00:00.25]            at System.Runtime.CompilerServices.TaskAwaiter.ThrowForNonSuccess(Task task)
[xUnit.net 00:00:00.25]            at System.Runtime.CompilerServices.TaskAwaiter.HandleNonSuccessAndDebuggerNotification(Task task, ConfigureAwaitOptions options)
[xUnit.net 00:00:00.25]   Finished:    MyAdventure.Core.Tests
  MyAdventure.Core.Tests test net10.0 failed with 2 error(s) (0.8s)
    /home/kushal/src/dotnet/MyAdventure/tests/MyAdventure.Core.Tests/BusinessAffordableTests.cs(40): error TESTERROR: 
      MyAdventure.Core.Tests.BusinessAffordableTests.AffordableCount_MultiplePurchases (33ms): Error Message: Shouldly.ShouldAssertException : biz.AffordableCount(331)
          should be
      3
          but was
      2
      Stack Trace:
         at MyAdventure.Core.Tests.BusinessAffordableTests.AffordableCount_MultiplePurchases() in /home/kushal/src/dotnet/MyAdventure/tests/MyAdventure.Core.Tests/BusinessAffordableTests.cs:line 40
         at System.Reflection.MethodBaseInvoker.InterpretedInvoke_Method(Object obj, IntPtr* args)
         at System.Reflection.MethodBaseInvoker.InvokeWithNoArgs(Object obj, BindingFlags invokeAttr)
    /home/kushal/src/dotnet/MyAdventure/tests/MyAdventure.Core.Tests/GameEngineTests.cs(47): error TESTERROR: 
      MyAdventure.Core.Tests.GameEngineTests.BuyBusiness_NotEnoughCash_ShouldFail (1ms): Error Message: Shouldly.ShouldAssertException : _engine.BuyBusiness("lemonade")
          should be
      False
          but was
      True
      Stack Trace:
         at MyAdventure.Core.Tests.GameEngineTests.BuyBusiness_NotEnoughCash_ShouldFail() in /home/kushal/src/dotnet/MyAdventure/tests/MyAdventure.Core.Tests/GameEngineTests.cs:line 47
         at System.Runtime.ExceptionServices.ExceptionDispatchInfo.Throw()
         at System.Runtime.CompilerServices.TaskAwaiter.ThrowForNonSuccess(Task task)
         at System.Runtime.CompilerServices.TaskAwaiter.HandleNonSuccessAndDebuggerNotification(Task task, ConfigureAwaitOptions options)
      --- End of stack trace from previous location ---
         at System.Runtime.ExceptionServices.ExceptionDispatchInfo.Throw()
         at System.Runtime.CompilerServices.TaskAwaiter.ThrowForNonSuccess(Task task)
         at System.Runtime.CompilerServices.TaskAwaiter.HandleNonSuccessAndDebuggerNotification(Task task, ConfigureAwaitOptions options)
         at System.Runtime.ExceptionServices.ExceptionDispatchInfo.Throw()
         at System.Runtime.CompilerServices.TaskAwaiter.ThrowForNonSuccess(Task task)
         at System.Runtime.CompilerServices.TaskAwaiter.HandleNonSuccessAndDebuggerNotification(Task task, ConfigureAwaitOptions options)
[xUnit.net 00:00:00.64]   Finished:    MyAdventure.Integration.Tests
  MyAdventure.Integration.Tests test net10.0 succeeded (1.2s)

Test summary: total: 41, failed: 2, succeeded: 39, skipped: 0, duration: 1.3s
Build failed with 4 error(s) in 2.1s

real	0m2.250s
user	0m1.656s
sys	0m0.382s
Restore complete (0.5s)

Build succeeded in 0.6s
Project 'MyAdventure.Android' has the following package references
   [net10.0-android36.0]: 
   Top-level Package                                  Requested    Resolved
   > Avalonia.Android                                 11.3.12      11.3.12 
   > Avalonia.Fonts.Inter                             11.3.12      11.3.12 
   > Avalonia.Themes.Fluent                           11.3.12      11.3.12 
   > Microsoft.Extensions.DependencyInjection         10.0.3       10.0.3  
   > Microsoft.NET.ILLink.Tasks                 (A)   [10.0.2, )   10.0.2  

Project 'MyAdventure.Core' has the following package references
   [net10.0]: 
   Top-level Package                   Requested   Resolved
   > Microsoft.Extensions.Logging      10.0.3      10.0.3  
   > OpenTelemetry.Api                 1.15.0      1.15.0  

Project 'MyAdventure.Desktop' has the following package references
   [net10.0]: 
   Top-level Package                               Requested   Resolved
   > Avalonia.Desktop                              11.3.12     11.3.12 
   > Avalonia.Diagnostics                          11.3.12     11.3.12 
   > Avalonia.Fonts.Inter                          11.3.12     11.3.12 
   > Avalonia.Themes.Fluent                        11.3.12     11.3.12 
   > Microsoft.Extensions.DependencyInjection      10.0.3      10.0.3  

Project 'MyAdventure.Infrastructure' has the following package references
   [net10.0]: 
   Top-level Package                                              Requested   Resolved
   > Microsoft.EntityFrameworkCore.Design                         10.0.3      10.0.3  
   > Microsoft.EntityFrameworkCore.Sqlite                         10.0.3      10.0.3  
   > Microsoft.Extensions.Configuration                           10.0.3      10.0.3  
   > Microsoft.Extensions.Configuration.EnvironmentVariables      10.0.3      10.0.3  
   > Microsoft.Extensions.Configuration.Json                      10.0.3      10.0.3  
   > Microsoft.Extensions.DependencyInjection                     10.0.3      10.0.3  
   > Microsoft.Extensions.Logging                                 10.0.3      10.0.3  
   > Microsoft.Extensions.Logging.Console                         10.0.3      10.0.3  
   > OpenTelemetry                                                1.15.0      1.15.0  
   > OpenTelemetry.Exporter.Console                               1.15.0      1.15.0  
   > OpenTelemetry.Extensions.Hosting                             1.15.0      1.15.0  
   > OpenTelemetry.Instrumentation.Runtime                        1.15.0      1.15.0  

Project 'MyAdventure.Shared' has the following package references
   [net10.0]: 
   Top-level Package                               Requested   Resolved
   > Avalonia                                      11.3.12     11.3.12 
   > Avalonia.Themes.Fluent                        11.3.12     11.3.12 
   > CommunityToolkit.Mvvm                         8.4.0       8.4.0   
   > Microsoft.Extensions.DependencyInjection      10.0.3      10.0.3  
   > Microsoft.Extensions.Logging                  10.0.3      10.0.3  

Project 'MyAdventure.Core.Tests' has the following package references
   [net10.0]: 
   Top-level Package                Requested   Resolved
   > Bogus                          35.6.5      35.6.5  
   > coverlet.collector             8.0.0       8.0.0   
   > Microsoft.NET.Test.Sdk         18.0.1      18.0.1  
   > NSubstitute                    5.3.0       5.3.0   
   > Shouldly                       4.3.0       4.3.0   
   > xunit                          2.9.3       2.9.3   
   > xunit.runner.visualstudio      3.1.5       3.1.5   

Project 'MyAdventure.Integration.Tests' has the following package references
   [net10.0]: 
   Top-level Package                             Requested   Resolved
   > coverlet.collector                          8.0.0       8.0.0   
   > Microsoft.EntityFrameworkCore.InMemory      10.0.3      10.0.3  
   > Microsoft.NET.Test.Sdk                      18.0.1      18.0.1  
   > Shouldly                                    4.3.0       4.3.0   
   > xunit                                       2.9.3       2.9.3   
   > xunit.runner.visualstudio                   3.1.5       3.1.5   

Project 'MyAdventure.UI.Tests' has the following package references
   [net10.0]: 
   Top-level Package                Requested   Resolved
   > coverlet.collector             8.0.0       8.0.0   
   > Microsoft.NET.Test.Sdk         18.0.1      18.0.1  
   > NSubstitute                    5.3.0       5.3.0   
   > Shouldly                       4.3.0       4.3.0   
   > xunit                          2.9.3       2.9.3   
   > xunit.runner.visualstudio      3.1.5       3.1.5   

(A) : Auto-referenced package.

real	0m1.876s
user	0m1.911s
sys	0m0.476s
Restore complete (0.5s)

Build succeeded in 0.6s

The following sources were used:
   https://api.nuget.org/v3/index.json

The given project `MyAdventure.Android` has no updates given the current sources.
The given project `MyAdventure.Core` has no updates given the current sources.
The given project `MyAdventure.Desktop` has no updates given the current sources.
The given project `MyAdventure.Infrastructure` has no updates given the current sources.
The given project `MyAdventure.Shared` has no updates given the current sources.
The given project `MyAdventure.Core.Tests` has no updates given the current sources.
The given project `MyAdventure.Integration.Tests` has no updates given the current sources.
The given project `MyAdventure.UI.Tests` has no updates given the current sources.

real	0m4.331s
user	0m3.388s
sys	0m0.595s

real	0m8.667s
user	0m13.802s
sys	0m1.254s
==============================================
  Generating Clean Project Export
==============================================
Generating directory structure...
Collecting and cleaning file contents...
Processed: .gitattributes
Processed: .github/dependabot.yml
Processed: .github/workflows/build-and-release.yml
Processed: .gitignore
Processed: Directory.Build.props
Processed: Directory.Packages.props
Processed: LICENSE
Processed: MyAdventure.slnx
Processed: README.md
Processed: docs/KEYSTORE.md
Processed: global.json
Processed: setup.sh
Processed: src/MyAdventure.Android/AndroidManifest.xml
Processed: src/MyAdventure.Android/App.axaml
Processed: src/MyAdventure.Android/App.axaml.cs
Processed: src/MyAdventure.Android/MainActivity.cs
Processed: src/MyAdventure.Android/MyAdventure.Android.csproj
Processed: src/MyAdventure.Android/Resources/drawable/icon.xml
Processed: src/MyAdventure.Android/Resources/values/strings.xml
Processed: src/MyAdventure.Android/Resources/values/styles.xml
Processed: src/MyAdventure.Android/Views/MainView.axaml
Processed: src/MyAdventure.Android/Views/MainView.axaml.cs
Processed: src/MyAdventure.Core/Entities/Business.cs
Processed: src/MyAdventure.Core/Entities/BusinessDefinitions.cs
Processed: src/MyAdventure.Core/Entities/EntityBase.cs
Processed: src/MyAdventure.Core/Entities/GameState.cs
Processed: src/MyAdventure.Core/Entities/Milestone.cs
Processed: src/MyAdventure.Core/Interfaces/IGameStateRepository.cs
Processed: src/MyAdventure.Core/MyAdventure.Core.csproj
Processed: src/MyAdventure.Core/Services/GameEngine.cs
Processed: src/MyAdventure.Core/Services/NumberFormatter.cs
Processed: src/MyAdventure.Desktop/App.axaml
Processed: src/MyAdventure.Desktop/App.axaml.cs
Processed: src/MyAdventure.Desktop/MyAdventure.Desktop.csproj
Processed: src/MyAdventure.Desktop/Program.cs
Processed: src/MyAdventure.Desktop/Views/MainWindow.axaml
Processed: src/MyAdventure.Desktop/Views/MainWindow.axaml.cs
Processed: src/MyAdventure.Desktop/app.manifest
Processed: src/MyAdventure.Desktop/appsettings.json
Processed: src/MyAdventure.Infrastructure/Data/AppDbContext.cs
Processed: src/MyAdventure.Infrastructure/Data/DesignTimeDbContextFactory.cs
Processed: src/MyAdventure.Infrastructure/DependencyInjection.cs
Processed: src/MyAdventure.Infrastructure/MyAdventure.Infrastructure.csproj
Processed: src/MyAdventure.Infrastructure/Repositories/GameStateRepository.cs
Processed: src/MyAdventure.Shared/Converters/GameConverters.cs
Processed: src/MyAdventure.Shared/MyAdventure.Shared.csproj
Processed: src/MyAdventure.Shared/Resources/i18n/en.json
Processed: src/MyAdventure.Shared/Resources/i18n/es.json
Processed: src/MyAdventure.Shared/Services/ToastService.cs
Processed: src/MyAdventure.Shared/ViewModels/BusinessViewModel.cs
Processed: src/MyAdventure.Shared/ViewModels/GameViewModel.cs
Processed: src/MyAdventure.Shared/ViewModels/ViewModelBase.cs
Processed: tests/Directory.Build.props
Processed: tests/MyAdventure.Core.Tests/BusinessAffordableTests.cs
Processed: tests/MyAdventure.Core.Tests/BusinessTests.cs
Processed: tests/MyAdventure.Core.Tests/GameEngineTests.cs
Processed: tests/MyAdventure.Core.Tests/MilestoneTests.cs
Processed: tests/MyAdventure.Core.Tests/MyAdventure.Core.Tests.csproj
Processed: tests/MyAdventure.Core.Tests/NumberFormatterTests.cs
Processed: tests/MyAdventure.Integration.Tests/GameStateRepositoryTests.cs
Processed: tests/MyAdventure.Integration.Tests/MyAdventure.Integration.Tests.csproj
Processed: tests/MyAdventure.UI.Tests/BusinessViewModelTests.cs
Processed: tests/MyAdventure.UI.Tests/MyAdventure.UI.Tests.csproj
Processed: tests/MyAdventure.UI.Tests/ToastServiceTests.cs

Export Complete: docs/llm/dump.txt

real	0m0.646s
user	0m0.334s
sys	0m0.425s
kushal@fedora:~/src/dotnet/MyAdventure$ 

